<?xml version="1.0" encoding="UTF-8"?>
<!-- Generated by org.testng.reporters.JUnitXMLReporter -->
<testsuite ignored="0" hostname="DESKTOP-BS7EC4S" failures="1" tests="4" name="Car Loan" time="0.038" errors="0" timestamp="2025-11-19T14:59:33 IST">
  <testcase classname="Test.day2" name="plan" time="0.001"/>
  <testcase classname="Test.day4" name="APIHomeLoan" time="0.004"/>
  <testcase classname="Test.day4" name="MobileLoginHomeLoan" time="0.003"/>
  <testcase classname="Test.day4" name="WebLoginHomeLoan" time="0.0">
    <failure type="org.testng.TestNGException" message="
Parameter &amp;apos;URL&amp;apos; is required by @Test on method WebLoginHomeLoan but has not been marked @Optional or defined
in C:\Users\Indrani\eclipse-workspace\TestNGTutorial\testng.xml">
      <![CDATA[org.testng.TestNGException: 
Parameter 'URL' is required by @Test on method WebLoginHomeLoan but has not been marked @Optional or defined
in C:\Users\Indrani\eclipse-workspace\TestNGTutorial\testng.xml
at java.base/java.util.ArrayList.forEach(ArrayList.java:1511)
... Removed 26 stack frames]]>
    </failure>
  </testcase> <!-- WebLoginHomeLoan -->
</testsuite> <!-- Car Loan -->
