<?xml version="1.0" encoding="UTF-8"?>
<!-- Generated by org.testng.reporters.JUnitXMLReporter -->
<testsuite ignored="1" hostname="DESKTOP-BS7EC4S" failures="1" tests="8" name="Personal Loan" time="0.26" errors="0" timestamp="2025-11-19T19:04:03 IST">
  <testcase classname="Test.day3" name="MobileSignOutCarLoan" time="0.009"/>
  <testcase classname="Test.day3" name="MobileSignOutCarLoan" time="0.007"/>
  <testcase classname="Test.day3" name="MobileSignOutCarLoan" time="0.006"/>
  <testcase classname="Test.day3" name="WebLoginCarLoan" time="0.006"/>
  <testcase classname="Test.day3" name="MobileLoginCarLoan" time="0.005"/>
  <testcase classname="Test.day1" name="Demo" time="0.015">
    <failure type="java.lang.AssertionError" message="expected [true] but found [false]">
      <![CDATA[java.lang.AssertionError: expected [true] but found [false]
at Test.day1.Demo(day1.java:21)
at java.base/java.util.ArrayList.forEach(ArrayList.java:1511)
at java.base/java.util.concurrent.FutureTask.run(FutureTask.java:264)
at java.base/java.util.concurrent.ThreadPoolExecutor.runWorker(ThreadPoolExecutor.java:1136)
at java.base/java.util.concurrent.ThreadPoolExecutor$Worker.run(ThreadPoolExecutor.java:635)
at java.base/java.lang.Thread.run(Thread.java:840)
... Removed 21 stack frames]]>
    </failure>
  </testcase> <!-- Demo -->
  <testcase classname="Test.day1" name="SecondTest" time="0.004"/>
  <testcase classname="Test.day3" name="APIcarLoan" time="0.004"/>
  <testcase classname="Test.day3" name="MobileSignInCarLoan" time="0.0">
    <ignored/>
  </testcase> <!-- MobileSignInCarLoan -->
</testsuite> <!-- Personal Loan -->
