<?xml version="1.0" encoding="UTF-8"?>
<!-- Generated by org.testng.reporters.JUnitXMLReporter -->
<testsuite ignored="3" hostname="DESKTOP-BS7EC4S" failures="0" tests="8" name="Regression" time="0.174" errors="0" timestamp="2025-11-19T11:20:16 IST">
  <testcase classname="Test.day1" name="Demo" time="0.007"/>
  <testcase classname="Test.day1" name="SecondTest" time="0.006"/>
  <testcase classname="Test.day3" name="MobileSignInCarLoan" time="0.006"/>
  <testcase classname="Test.day3" name="WebLoginCarLoan" time="0.007"/>
  <testcase classname="Test.day3" name="MobileSignOutCarLoan" time="0.009"/>
  <testcase classname="Test.day3" name="APIcarLoan" time="0.005"/>
  <testcase classname="Test.day4" name="MobileLoginHomeLoan" time="0.006"/>
  <testcase classname="Test.day4" name="WebLoginHomeLoan" time="0.002"/>
  <testcase classname="Test.day3" name="MobileLoginCarLoan" time="0.0">
    <ignored/>
  </testcase> <!-- MobileLoginCarLoan -->
  <testcase classname="Test.day4" name="APIHomeLoan" time="0.0">
    <ignored/>
  </testcase> <!-- APIHomeLoan -->
  <testcase classname="Test.day2" name="plan" time="0.0">
    <ignored/>
  </testcase> <!-- plan -->
</testsuite> <!-- Regression -->
