<?xml version="1.0" encoding="UTF-8"?>
<testng-results ignored="1" total="9" passed="7" failed="1" skipped="0">
  <reporter-output>
  </reporter-output>
  <suite started-at="2025-11-19T19:04:03 IST" name="Loan Department" finished-at="2025-11-19T19:04:03 IST" duration-ms="260">
    <groups>
      <group name="Smoke">
        <method signature="day3.MobileLoginCarLoan()[pri:0, instance:Test.day3@4b741d6d]" name="MobileLoginCarLoan" class="Test.day3"/>
      </group> <!-- Smoke -->
    </groups>
    <test started-at="2025-11-19T19:04:03 IST" name="Personal Loan" finished-at="2025-11-19T19:04:03 IST" duration-ms="260">
      <class name="Test.day1">
        <test-method signature="Demo()[pri:0, instance:Test.day1@69e153c5]" started-at="2025-11-19T19:04:03 IST" name="Demo" finished-at="2025-11-19T19:04:03 IST" duration-ms="15" status="FAIL">
          <exception class="java.lang.AssertionError">
            <message>
              <![CDATA[expected [true] but found [false]]]>
            </message>
            <full-stacktrace>
              <![CDATA[java.lang.AssertionError: expected [true] but found [false]
at org.testng.Assert.fail(Assert.java:111)
at org.testng.Assert.failNotEquals(Assert.java:1590)
at org.testng.Assert.assertTrue(Assert.java:57)
at org.testng.Assert.assertTrue(Assert.java:67)
at Test.day1.Demo(day1.java:21)
at java.base/jdk.internal.reflect.NativeMethodAccessorImpl.invoke0(Native Method)
at java.base/jdk.internal.reflect.NativeMethodAccessorImpl.invoke(NativeMethodAccessorImpl.java:77)
at java.base/jdk.internal.reflect.DelegatingMethodAccessorImpl.invoke(DelegatingMethodAccessorImpl.java:43)
at java.base/java.lang.reflect.Method.invoke(Method.java:568)
at org.testng.internal.invokers.MethodInvocationHelper.invokeMethod(MethodInvocationHelper.java:141)
at org.testng.internal.invokers.TestInvoker.invokeMethod(TestInvoker.java:687)
at org.testng.internal.invokers.TestInvoker.invokeTestMethod(TestInvoker.java:230)
at org.testng.internal.invokers.MethodRunner.runInSequence(MethodRunner.java:63)
at org.testng.internal.invokers.TestInvoker$MethodInvocationAgent.invoke(TestInvoker.java:995)
at org.testng.internal.invokers.TestInvoker.invokeTestMethods(TestInvoker.java:203)
at org.testng.internal.invokers.TestMethodWorker.invokeTestMethods(TestMethodWorker.java:154)
at org.testng.internal.invokers.TestMethodWorker.run(TestMethodWorker.java:134)
at java.base/java.util.ArrayList.forEach(ArrayList.java:1511)
at org.testng.TestRunner.privateRun(TestRunner.java:741)
at org.testng.TestRunner.run(TestRunner.java:616)
at org.testng.SuiteRunner.runTest(SuiteRunner.java:421)
at org.testng.SuiteRunner$SuiteWorker.run(SuiteRunner.java:463)
at org.testng.internal.thread.ThreadUtil.lambda$execute$0(ThreadUtil.java:64)
at java.base/java.util.concurrent.FutureTask.run(FutureTask.java:264)
at java.base/java.util.concurrent.ThreadPoolExecutor.runWorker(ThreadPoolExecutor.java:1136)
at java.base/java.util.concurrent.ThreadPoolExecutor$Worker.run(ThreadPoolExecutor.java:635)
at java.base/java.lang.Thread.run(Thread.java:840)
]]>
            </full-stacktrace>
          </exception> <!-- java.lang.AssertionError -->
          <reporter-output>
          </reporter-output>
        </test-method> <!-- Demo -->
        <test-method signature="SecondTest()[pri:0, instance:Test.day1@69e153c5]" started-at="2025-11-19T19:04:03 IST" name="SecondTest" finished-at="2025-11-19T19:04:03 IST" duration-ms="4" status="PASS">
          <reporter-output>
          </reporter-output>
        </test-method> <!-- SecondTest -->
        <test-method is-config="true" signature="LastExecution()[pri:0, instance:Test.day1@69e153c5]" started-at="2025-11-19T19:04:03 IST" name="LastExecution" finished-at="2025-11-19T19:04:03 IST" duration-ms="2" status="PASS">
          <reporter-output>
          </reporter-output>
        </test-method> <!-- LastExecution -->
        <test-method is-config="true" signature="AfSuite()[pri:0, instance:Test.day1@69e153c5]" started-at="2025-11-19T19:04:03 IST" name="AfSuite" finished-at="2025-11-19T19:04:03 IST" duration-ms="2" status="PASS">
          <reporter-output>
          </reporter-output>
        </test-method> <!-- AfSuite -->
      </class> <!-- Test.day1 -->
      <class name="Test.day3">
        <test-method is-config="true" signature="BfSuite()[pri:0, instance:Test.day3@4b741d6d]" started-at="2025-11-19T19:04:03 IST" name="BfSuite" finished-at="2025-11-19T19:04:03 IST" duration-ms="22" status="PASS">
          <reporter-output>
          </reporter-output>
        </test-method> <!-- BfSuite -->
        <test-method is-config="true" signature="beforeclass()[pri:0, instance:Test.day3@4b741d6d]" started-at="2025-11-19T19:04:03 IST" name="beforeclass" finished-at="2025-11-19T19:04:03 IST" duration-ms="1" status="PASS">
          <reporter-output>
          </reporter-output>
        </test-method> <!-- beforeclass -->
        <test-method is-config="true" signature="beforeEvery()[pri:0, instance:Test.day3@4b741d6d]" started-at="2025-11-19T19:04:03 IST" name="beforeEvery" finished-at="2025-11-19T19:04:03 IST" duration-ms="3" status="PASS">
          <reporter-output>
          </reporter-output>
        </test-method> <!-- beforeEvery -->
        <test-method signature="MobileSignOutCarLoan(java.lang.String,java.lang.String)[pri:0, instance:Test.day3@4b741d6d]" started-at="2025-11-19T19:04:03 IST" name="MobileSignOutCarLoan" data-provider="getData" finished-at="2025-11-19T19:04:03 IST" duration-ms="9" status="PASS">
          <params>
            <param index="0">
              <value>
                <![CDATA[firstsetusername]]>
              </value>
            </param>
            <param index="1">
              <value>
                <![CDATA[password1]]>
              </value>
            </param>
          </params>
          <reporter-output>
          </reporter-output>
        </test-method> <!-- MobileSignOutCarLoan -->
        <test-method is-config="true" signature="afterEvery()[pri:0, instance:Test.day3@4b741d6d]" started-at="2025-11-19T19:04:03 IST" name="afterEvery" finished-at="2025-11-19T19:04:03 IST" duration-ms="1" status="PASS">
          <reporter-output>
          </reporter-output>
        </test-method> <!-- afterEvery -->
        <test-method is-config="true" signature="beforeEvery()[pri:0, instance:Test.day3@4b741d6d]" started-at="2025-11-19T19:04:03 IST" name="beforeEvery" finished-at="2025-11-19T19:04:03 IST" duration-ms="0" status="PASS">
          <reporter-output>
          </reporter-output>
        </test-method> <!-- beforeEvery -->
        <test-method signature="MobileSignOutCarLoan(java.lang.String,java.lang.String)[pri:0, instance:Test.day3@4b741d6d]" started-at="2025-11-19T19:04:03 IST" name="MobileSignOutCarLoan" data-provider="getData" finished-at="2025-11-19T19:04:03 IST" duration-ms="7" status="PASS">
          <params>
            <param index="0">
              <value>
                <![CDATA[secondsetusername]]>
              </value>
            </param>
            <param index="1">
              <value>
                <![CDATA[password2]]>
              </value>
            </param>
          </params>
          <reporter-output>
          </reporter-output>
        </test-method> <!-- MobileSignOutCarLoan -->
        <test-method is-config="true" signature="afterEvery()[pri:0, instance:Test.day3@4b741d6d]" started-at="2025-11-19T19:04:03 IST" name="afterEvery" finished-at="2025-11-19T19:04:03 IST" duration-ms="1" status="PASS">
          <reporter-output>
          </reporter-output>
        </test-method> <!-- afterEvery -->
        <test-method is-config="true" signature="beforeEvery()[pri:0, instance:Test.day3@4b741d6d]" started-at="2025-11-19T19:04:03 IST" name="beforeEvery" finished-at="2025-11-19T19:04:03 IST" duration-ms="1" status="PASS">
          <reporter-output>
          </reporter-output>
        </test-method> <!-- beforeEvery -->
        <test-method signature="MobileSignOutCarLoan(java.lang.String,java.lang.String)[pri:0, instance:Test.day3@4b741d6d]" started-at="2025-11-19T19:04:03 IST" name="MobileSignOutCarLoan" data-provider="getData" finished-at="2025-11-19T19:04:03 IST" duration-ms="6" status="PASS">
          <params>
            <param index="0">
              <value>
                <![CDATA[thirdsetusername]]>
              </value>
            </param>
            <param index="1">
              <value>
                <![CDATA[password3]]>
              </value>
            </param>
          </params>
          <reporter-output>
          </reporter-output>
        </test-method> <!-- MobileSignOutCarLoan -->
        <test-method is-config="true" signature="afterEvery()[pri:0, instance:Test.day3@4b741d6d]" started-at="2025-11-19T19:04:03 IST" name="afterEvery" finished-at="2025-11-19T19:04:03 IST" duration-ms="1" status="PASS">
          <reporter-output>
          </reporter-output>
        </test-method> <!-- afterEvery -->
        <test-method is-config="true" signature="beforeEvery()[pri:0, instance:Test.day3@4b741d6d]" started-at="2025-11-19T19:04:03 IST" name="beforeEvery" finished-at="2025-11-19T19:04:03 IST" duration-ms="1" status="PASS">
          <reporter-output>
          </reporter-output>
        </test-method> <!-- beforeEvery -->
        <test-method signature="WebLoginCarLoan(java.lang.String,java.lang.String)[pri:0, instance:Test.day3@4b741d6d]" started-at="2025-11-19T19:04:03 IST" name="WebLoginCarLoan" finished-at="2025-11-19T19:04:03 IST" duration-ms="6" status="PASS">
          <params>
            <param index="0">
              <value>
                <![CDATA[qaclickacademy.com]]>
              </value>
            </param>
            <param index="1">
              <value>
                <![CDATA[123456]]>
              </value>
            </param>
          </params>
          <reporter-output>
          </reporter-output>
        </test-method> <!-- WebLoginCarLoan -->
        <test-method is-config="true" signature="afterEvery()[pri:0, instance:Test.day3@4b741d6d]" started-at="2025-11-19T19:04:03 IST" name="afterEvery" finished-at="2025-11-19T19:04:03 IST" duration-ms="3" status="PASS">
          <reporter-output>
          </reporter-output>
        </test-method> <!-- afterEvery -->
        <test-method is-config="true" signature="beforeEvery()[pri:0, instance:Test.day3@4b741d6d]" started-at="2025-11-19T19:04:03 IST" name="beforeEvery" finished-at="2025-11-19T19:04:03 IST" duration-ms="1" status="PASS">
          <reporter-output>
          </reporter-output>
        </test-method> <!-- beforeEvery -->
        <test-method signature="MobileLoginCarLoan()[pri:0, instance:Test.day3@4b741d6d]" started-at="2025-11-19T19:04:03 IST" name="MobileLoginCarLoan" finished-at="2025-11-19T19:04:03 IST" duration-ms="5" status="PASS">
          <reporter-output>
          </reporter-output>
        </test-method> <!-- MobileLoginCarLoan -->
        <test-method is-config="true" signature="afterEvery()[pri:0, instance:Test.day3@4b741d6d]" started-at="2025-11-19T19:04:03 IST" name="afterEvery" finished-at="2025-11-19T19:04:03 IST" duration-ms="0" status="PASS">
          <reporter-output>
          </reporter-output>
        </test-method> <!-- afterEvery -->
        <test-method is-config="true" signature="beforeEvery()[pri:0, instance:Test.day3@4b741d6d]" started-at="2025-11-19T19:04:03 IST" name="beforeEvery" finished-at="2025-11-19T19:04:03 IST" duration-ms="0" status="PASS">
          <reporter-output>
          </reporter-output>
        </test-method> <!-- beforeEvery -->
        <test-method signature="APIcarLoan()[pri:0, instance:Test.day3@4b741d6d]" started-at="2025-11-19T19:04:03 IST" name="APIcarLoan" finished-at="2025-11-19T19:04:03 IST" depends-on-methods="Test.day3.MobileSignOutCarLoan, Test.day3.WebLoginCarLoan" duration-ms="4" status="PASS">
          <reporter-output>
          </reporter-output>
        </test-method> <!-- APIcarLoan -->
        <test-method is-config="true" signature="afterEvery()[pri:0, instance:Test.day3@4b741d6d]" started-at="2025-11-19T19:04:03 IST" name="afterEvery" finished-at="2025-11-19T19:04:03 IST" duration-ms="1" status="PASS">
          <reporter-output>
          </reporter-output>
        </test-method> <!-- afterEvery -->
        <test-method is-config="true" signature="afterclass()[pri:0, instance:Test.day3@4b741d6d]" started-at="2025-11-19T19:04:03 IST" name="afterclass" finished-at="2025-11-19T19:04:03 IST" duration-ms="1" status="PASS">
          <reporter-output>
          </reporter-output>
        </test-method> <!-- afterclass -->
      </class> <!-- Test.day3 -->
    </test> <!-- Personal Loan -->
  </suite> <!-- Loan Department -->
</testng-results>
