<?xml version="1.0" encoding="UTF-8"?>
<!-- Generated by org.testng.reporters.JUnitReportReporter -->
<testsuite hostname="DESKTOP-BS7EC4S" failures="0" tests="7" name="Test.day3" time="0.050" errors="0" timestamp="2025-11-19T19:04:03 IST" skipped="1">
  <testcase classname="Test.day3" name="MobileSignOutCarLoan" time="0.010"/>
  <testcase classname="Test.day3" name="MobileLoginCarLoan" time="0.006"/>
  <testcase classname="Test.day3" name="APIcarLoan" time="0.008"/>
  <testcase classname="Test.day3" name="WebLoginCarLoan" time="0.008"/>
  <testcase classname="Test.day3" name="MobileSignOutCarLoan" time="0.007"/>
  <testcase classname="Test.day3" name="MobileSignOutCarLoan" time="0.011"/>
  <testcase classname="Test.day3" name="MobileSignInCarLoan">
    <skipped/>
  </testcase> <!-- MobileSignInCarLoan -->
</testsuite> <!-- Test.day3 -->
